#
# There is insufficient memory for the Java Runtime Environment to continue.
# Native memory allocation (malloc) failed to allocate 2433376 bytes for Chunk::new
# Possible reasons:
#   The system is out of physical RAM or swap space
#   In 32 bit mode, the process size limit was hit
# Possible solutions:
#   Reduce memory load on the system
#   Increase physical memory or swap space
#   Check if swap backing store is full
#   Use 64 bit Java on a 64 bit OS
#   Decrease Java heap size (-Xmx/-Xms)
#   Decrease number of Java threads
#   Decrease Java thread stack sizes (-Xss)
#   Set larger code cache with -XX:ReservedCodeCacheSize=
# This output file may be truncated or incomplete.
#
#  Out of Memory Error (allocation.cpp:323), pid=74224, tid=78348
#
# JRE version: Java(TM) SE Runtime Environment (7.0_80-b15) (build 1.7.0_80-b15)
# Java VM: Java HotSpot(TM) 64-Bit Server VM (24.80-b11 mixed mode windows-amd64 compressed oops)
# Failed to write core dump. Minidumps are not enabled by default on client versions of Windows
#

---------------  T H R E A D  ---------------

Current thread (0x000000000d6f4800):  JavaThread "C2 CompilerThread1" daemon [_thread_in_native, id=78348, stack(0x000000000ed70000,0x000000000ee70000)]

Stack: [0x000000000ed70000,0x000000000ee70000]

Current CompileTask:
C2:  11022  885             org.apache.catalina.startup.ContextConfig::populateJavaClassCache (79 bytes)


---------------  P R O C E S S  ---------------

Java Threads: ( => current thread )
  0x0000000010696800 JavaThread "ZkClient-EventThread-16-192.168.25.128:2181" daemon [_thread_blocked, id=57252, stack(0x0000000019580000,0x0000000019680000)]
  0x0000000010694000 JavaThread "DubboRegistryFailedRetryTimer-thread-1" daemon [_thread_blocked, id=40516, stack(0x0000000019480000,0x0000000019580000)]
  0x0000000010695800 JavaThread "Thread-2" daemon [_thread_in_native, id=67656, stack(0x0000000018d90000,0x0000000018e90000)]
  0x0000000010697000 JavaThread "localhost-startStop-1" daemon [_thread_in_vm, id=70660, stack(0x0000000011de0000,0x0000000011ee0000)]
  0x0000000010695000 JavaThread "Tomcat-startStop-1" daemon [_thread_blocked, id=64860, stack(0x0000000011ce0000,0x0000000011de0000)]
  0x000000000d704800 JavaThread "Service Thread" daemon [_thread_blocked, id=74836, stack(0x000000000ee70000,0x000000000ef70000)]
=>0x000000000d6f4800 JavaThread "C2 CompilerThread1" daemon [_thread_in_native, id=78348, stack(0x000000000ed70000,0x000000000ee70000)]
  0x000000000d6f0000 JavaThread "C2 CompilerThread0" daemon [_thread_in_native, id=78036, stack(0x000000000ec70000,0x000000000ed70000)]
  0x000000000d6ef800 JavaThread "Attach Listener" daemon [_thread_blocked, id=77124, stack(0x000000000eb70000,0x000000000ec70000)]
  0x000000000d6ec800 JavaThread "Signal Dispatcher" daemon [_thread_blocked, id=70172, stack(0x000000000ea70000,0x000000000eb70000)]
  0x000000000d6a1000 JavaThread "Finalizer" daemon [_thread_blocked, id=72416, stack(0x000000000e970000,0x000000000ea70000)]
  0x000000000d697800 JavaThread "Reference Handler" daemon [_thread_blocked, id=78304, stack(0x000000000e870000,0x000000000e970000)]
  0x0000000002e30800 JavaThread "main" [_thread_blocked, id=75304, stack(0x00000000029a0000,0x0000000002aa0000)]

Other Threads:
  0x000000000d692800 VMThread [stack: 0x000000000e770000,0x000000000e870000] [id=72664]
  0x000000000d70d000 WatcherThread [stack: 0x000000000ef70000,0x000000000f070000] [id=77268]

VM state:not at safepoint (normal execution)

VM Mutex/Monitor currently owned by a thread: None

Heap
 PSYoungGen      total 211456K, used 176892K [0x00000007c1080000, 0x00000007d0980000, 0x0000000800000000)
  eden space 189440K, 93% used [0x00000007c1080000,0x00000007cbd3f018,0x00000007cc980000)
  from space 22016K, 0% used [0x00000007ce600000,0x00000007ce600000,0x00000007cfb80000)
  to   space 29184K, 0% used [0x00000007cc980000,0x00000007cc980000,0x00000007ce600000)
 ParOldGen       total 163328K, used 60284K [0x0000000743200000, 0x000000074d180000, 0x00000007c1080000)
  object space 163328K, 36% used [0x0000000743200000,0x0000000746cdf380,0x000000074d180000)
 PSPermGen       total 36864K, used 36432K [0x000000073e000000, 0x0000000740400000, 0x0000000743200000)
  object space 36864K, 98% used [0x000000073e000000,0x0000000740394198,0x0000000740400000)

Card table byte_map: [0x0000000005ff0000,0x0000000006610000] byte_map_base: 0x0000000002600000

Polling page: 0x00000000009f0000

Code Cache  [0x0000000002f30000, 0x00000000031d0000, 0x0000000005f30000)
 total_blobs=1138 nmethods=750 adapters=340 free_code_cache=46538Kb largest_free_block=47589312

Compilation events (10 events):
Event: 7.349 Thread 0x000000000d6f4800 nmethod 879 0x0000000002fd7890 code [0x0000000002fd79c0, 0x0000000002fd7a38]
Event: 7.352 Thread 0x000000000d6f4800  880   !         java.util.zip.Inflater::setInput (74 bytes)
Event: 7.354 Thread 0x000000000d6f4800 nmethod 880 0x0000000002fd72d0 code [0x0000000002fd7420, 0x0000000002fd7718]
Event: 7.360 Thread 0x000000000d6f4800  881             org.apache.tomcat.util.bcel.classfile.ClassParser::readInterfaces (42 bytes)
Event: 7.364 Thread 0x000000000d6f4800 nmethod 881 0x00000000030041d0 code [0x0000000003004360, 0x0000000003004770]
Event: 7.437 Thread 0x000000000d6f4800  882             java.util.HashSet::size (8 bytes)
Event: 7.438 Thread 0x000000000d6f4800 nmethod 882 0x0000000002fd7090 code [0x0000000002fd71c0, 0x0000000002fd7238]
Event: 7.545 Thread 0x000000000d6f4800  884             java.util.jar.JarEntry::<init> (6 bytes)
Event: 7.545 Thread 0x000000000d6f4800 nmethod 884 0x0000000003003b50 code [0x0000000003003c80, 0x0000000003003d78]
Event: 7.555 Thread 0x000000000d6f4800  885             org.apache.catalina.startup.ContextConfig::populateJavaClassCache (79 bytes)

GC Heap History (10 events):
Event: 6.389 GC heap before
{Heap before GC invocations=5 (full 0):
 PSYoungGen      total 105984K, used 105964K [0x00000007c1080000, 0x00000007c7f80000, 0x0000000800000000)
  eden space 98304K, 100% used [0x00000007c1080000,0x00000007c7080000,0x00000007c7080000)
  from space 7680K, 99% used [0x00000007c7800000,0x00000007c7f7b3e0,0x00000007c7f80000)
  to   space 7680K, 0% used [0x00000007c7080000,0x00000007c7080000,0x00000007c7800000)
 ParOldGen       total 128512K, used 11650K [0x0000000743200000, 0x000000074af80000, 0x00000007c1080000)
  object space 128512K, 9% used [0x0000000743200000,0x0000000743d60bd8,0x000000074af80000)
 PSPermGen       total 26624K, used 26493K [0x000000073e000000, 0x000000073fa00000, 0x0000000743200000)
  object space 26624K, 99% used [0x000000073e000000,0x000000073f9df478,0x000000073fa00000)
Event: 6.407 GC heap after
Heap after GC invocations=5 (full 0):
 PSYoungGen      total 105984K, used 7672K [0x00000007c1080000, 0x00000007cfb80000, 0x0000000800000000)
  eden space 98304K, 0% used [0x00000007c1080000,0x00000007c1080000,0x00000007c7080000)
  from space 7680K, 99% used [0x00000007c7080000,0x00000007c77fe040,0x00000007c7800000)
  to   space 22016K, 0% used [0x00000007ce600000,0x00000007ce600000,0x00000007cfb80000)
 ParOldGen       total 128512K, used 25751K [0x0000000743200000, 0x000000074af80000, 0x00000007c1080000)
  object space 128512K, 20% used [0x0000000743200000,0x0000000744b25ce0,0x000000074af80000)
 PSPermGen       total 26624K, used 26493K [0x000000073e000000, 0x000000073fa00000, 0x0000000743200000)
  object space 26624K, 99% used [0x000000073e000000,0x000000073f9df478,0x000000073fa00000)
}
Event: 6.853 GC heap before
{Heap before GC invocations=6 (full 0):
 PSYoungGen      total 105984K, used 105976K [0x00000007c1080000, 0x00000007cfb80000, 0x0000000800000000)
  eden space 98304K, 100% used [0x00000007c1080000,0x00000007c7080000,0x00000007c7080000)
  from space 7680K, 99% used [0x00000007c7080000,0x00000007c77fe040,0x00000007c7800000)
  to   space 22016K, 0% used [0x00000007ce600000,0x00000007ce600000,0x00000007cfb80000)
 ParOldGen       total 128512K, used 25751K [0x0000000743200000, 0x000000074af80000, 0x00000007c1080000)
  object space 128512K, 20% used [0x0000000743200000,0x0000000744b25ce0,0x000000074af80000)
 PSPermGen       total 26624K, used 26522K [0x000000073e000000, 0x000000073fa00000, 0x0000000743200000)
  object space 26624K, 99% used [0x000000073e000000,0x000000073f9e6b48,0x000000073fa00000)
Event: 6.876 GC heap after
Heap after GC invocations=6 (full 0):
 PSYoungGen      total 211456K, used 21997K [0x00000007c1080000, 0x00000007d0980000, 0x0000000800000000)
  eden space 189440K, 0% used [0x00000007c1080000,0x00000007c1080000,0x00000007cc980000)
  from space 22016K, 99% used [0x00000007ce600000,0x00000007cfb7b430,0x00000007cfb80000)
  to   space 29184K, 0% used [0x00000007cc980000,0x00000007cc980000,0x00000007ce600000)
 ParOldGen       total 128512K, used 31729K [0x0000000743200000, 0x000000074af80000, 0x00000007c1080000)
  object space 128512K, 24% used [0x0000000743200000,0x00000007450fc680,0x000000074af80000)
 PSPermGen       total 26624K, used 26522K [0x000000073e000000, 0x000000073fa00000, 0x0000000743200000)
  object space 26624K, 99% used [0x000000073e000000,0x000000073f9e6b48,0x000000073fa00000)
}
Event: 7.760 GC heap before
{Heap before GC invocations=7 (full 0):
 PSYoungGen      total 211456K, used 211437K [0x00000007c1080000, 0x00000007d0980000, 0x0000000800000000)
  eden space 189440K, 100% used [0x00000007c1080000,0x00000007cc980000,0x00000007cc980000)
  from space 22016K, 99% used [0x00000007ce600000,0x00000007cfb7b430,0x00000007cfb80000)
  to   space 29184K, 0% used [0x00000007cc980000,0x00000007cc980000,0x00000007ce600000)
 ParOldGen       total 128512K, used 31729K [0x0000000743200000, 0x000000074af80000, 0x00000007c1080000)
  object space 128512K, 24% used [0x0000000743200000,0x00000007450fc680,0x000000074af80000)
 PSPermGen       total 26624K, used 26560K [0x000000073e000000, 0x000000073fa00000, 0x0000000743200000)
  object space 26624K, 99% used [0x000000073e000000,0x000000073f9f0160,0x000000073fa00000)
Event: 7.859 GC heap after
Heap after GC invocations=7 (full 0):
 PSYoungGen      total 218624K, used 29154K [0x00000007c1080000, 0x00000007d0980000, 0x0000000800000000)
  eden space 189440K, 0% used [0x00000007c1080000,0x00000007c1080000,0x00000007cc980000)
  from space 29184K, 99% used [0x00000007cc980000,0x00000007ce5f8ab8,0x00000007ce600000)
  to   space 22016K, 0% used [0x00000007ce600000,0x00000007ce600000,0x00000007cfb80000)
 ParOldGen       total 128512K, used 57805K [0x0000000743200000, 0x000000074af80000, 0x00000007c1080000)
  object space 128512K, 44% used [0x0000000743200000,0x0000000746a734d8,0x000000074af80000)
 PSPermGen       total 26624K, used 26560K [0x000000073e000000, 0x000000073fa00000, 0x0000000743200000)
  object space 26624K, 99% used [0x000000073e000000,0x000000073f9f0160,0x000000073fa00000)
}
Event: 8.725 GC heap before
{Heap before GC invocations=8 (full 0):
 PSYoungGen      total 218624K, used 218594K [0x00000007c1080000, 0x00000007d0980000, 0x0000000800000000)
  eden space 189440K, 100% used [0x00000007c1080000,0x00000007cc980000,0x00000007cc980000)
  from space 29184K, 99% used [0x00000007cc980000,0x00000007ce5f8ab8,0x00000007ce600000)
  to   space 22016K, 0% used [0x00000007ce600000,0x00000007ce600000,0x00000007cfb80000)
 ParOldGen       total 128512K, used 57805K [0x0000000743200000, 0x000000074af80000, 0x00000007c1080000)
  object space 128512K, 44% used [0x0000000743200000,0x0000000746a734d8,0x000000074af80000)
 PSPermGen       total 26624K, used 26570K [0x000000073e000000, 0x000000073fa00000, 0x0000000743200000)
  object space 26624K, 99% used [0x000000073e000000,0x000000073f9f2b88,0x000000073fa00000)
Event: 8.837 GC heap after
Heap after GC invocations=8 (full 0):
 PSYoungGen      total 211456K, used 21984K [0x00000007c1080000, 0x00000007d0980000, 0x0000000800000000)
  eden space 189440K, 0% used [0x00000007c1080000,0x00000007c1080000,0x00000007cc980000)
  from space 22016K, 99% used [0x00000007ce600000,0x00000007cfb78010,0x00000007cfb80000)
  to   space 29184K, 0% used [0x00000007cc980000,0x00000007cc980000,0x00000007ce600000)
 ParOldGen       total 128512K, used 103759K [0x0000000743200000, 0x000000074af80000, 0x00000007c1080000)
  object space 128512K, 80% used [0x0000000743200000,0x0000000749753c08,0x000000074af80000)
 PSPermGen       total 26624K, used 26570K [0x000000073e000000, 0x000000073fa00000, 0x0000000743200000)
  object space 26624K, 99% used [0x000000073e000000,0x000000073f9f2b88,0x000000073fa00000)
}
Event: 8.837 GC heap before
{Heap before GC invocations=9 (full 1):
 PSYoungGen      total 211456K, used 21984K [0x00000007c1080000, 0x00000007d0980000, 0x0000000800000000)
  eden space 189440K, 0% used [0x00000007c1080000,0x00000007c1080000,0x00000007cc980000)
  from space 22016K, 99% used [0x00000007ce600000,0x00000007cfb78010,0x00000007cfb80000)
  to   space 29184K, 0% used [0x00000007cc980000,0x00000007cc980000,0x00000007ce600000)
 ParOldGen       total 128512K, used 103759K [0x0000000743200000, 0x000000074af80000, 0x00000007c1080000)
  object space 128512K, 80% used [0x0000000743200000,0x0000000749753c08,0x000000074af80000)
 PSPermGen       total 26624K, used 26570K [0x000000073e000000, 0x000000073fa00000, 0x0000000743200000)
  object space 26624K, 99% used [0x000000073e000000,0x000000073f9f2b88,0x000000073fa00000)
Event: 9.100 GC heap after
Heap after GC invocations=9 (full 1):
 PSYoungGen      total 211456K, used 0K [0x00000007c1080000, 0x00000007d0980000, 0x0000000800000000)
  eden space 189440K, 0% used [0x00000007c1080000,0x00000007c1080000,0x00000007cc980000)
  from space 22016K, 0% used [0x00000007ce600000,0x00000007ce600000,0x00000007cfb80000)
  to   space 29184K, 0% used [0x00000007cc980000,0x00000007cc980000,0x00000007ce600000)
 ParOldGen       total 163328K, used 60284K [0x0000000743200000, 0x000000074d180000, 0x00000007c1080000)
  object space 163328K, 36% used [0x0000000743200000,0x0000000746cdf380,0x000000074d180000)
 PSPermGen       total 26624K, used 26558K [0x000000073e000000, 0x000000073fa00000, 0x0000000743200000)
  object space 26624K, 99% used [0x000000073e000000,0x000000073f9efb28,0x000000073fa00000)
}

Deoptimization events (10 events):
Event: 10.588 Thread 0x0000000010697000 Uncommon trap: reason=predicate action=maybe_recompile pc=0x00000000030bc41c method=java.util.AbstractCollection.addAll(Ljava/util/Collection;)Z @ 18
Event: 10.603 Thread 0x0000000010697000 Uncommon trap: reason=class_check action=maybe_recompile pc=0x0000000003145348 method=java.lang.Throwable.<init>(Ljava/lang/String;Ljava/lang/Throwable;)V @ 24
Event: 10.606 Thread 0x0000000010697000 Uncommon trap: reason=class_check action=maybe_recompile pc=0x0000000003145348 method=java.lang.Throwable.<init>(Ljava/lang/String;Ljava/lang/Throwable;)V @ 24
Event: 10.608 Thread 0x0000000010697000 Uncommon trap: reason=class_check action=maybe_recompile pc=0x0000000003145348 method=java.lang.Throwable.<init>(Ljava/lang/String;Ljava/lang/Throwable;)V @ 24
Event: 10.609 Thread 0x0000000010697000 Uncommon trap: reason=class_check action=maybe_recompile pc=0x0000000003145348 method=java.lang.Throwable.<init>(Ljava/lang/String;Ljava/lang/Throwable;)V @ 24
Event: 10.621 Thread 0x0000000010697000 Uncommon trap: reason=bimorphic action=maybe_recompile pc=0x0000000002fe9d84 method=java.util.regex.Pattern$5.isSatisfiedBy(I)Z @ 5
Event: 10.621 Thread 0x0000000010697000 Uncommon trap: reason=bimorphic action=maybe_recompile pc=0x0000000002fe9d84 method=java.util.regex.Pattern$5.isSatisfiedBy(I)Z @ 5
Event: 10.621 Thread 0x0000000010697000 Uncommon trap: reason=bimorphic action=maybe_recompile pc=0x0000000002fe9d84 method=java.util.regex.Pattern$5.isSatisfiedBy(I)Z @ 5
Event: 10.621 Thread 0x0000000010697000 Uncommon trap: reason=bimorphic action=maybe_recompile pc=0x0000000002fe9d84 method=java.util.regex.Pattern$5.isSatisfiedBy(I)Z @ 5
Event: 10.995 Thread 0x0000000010697000 Uncommon trap: reason=unstable_if action=reinterpret pc=0x0000000003176294 method=java.lang.StringCoding.decode(Ljava/lang/String;[BII)[C @ 51

Internal exceptions (10 events):
Event: 11.017 Thread 0x0000000010697000 Threw 0x00000007cb8f4ac0 at C:\re\jdk7u80\2329\hotspot\src\share\vm\prims\jvm.cpp:1319
Event: 11.017 Thread 0x0000000010697000 Threw 0x00000007cb8f5378 at C:\re\jdk7u80\2329\hotspot\src\share\vm\prims\jvm.cpp:1319
Event: 11.018 Thread 0x0000000010697000 Threw 0x00000007cb8fb6b0 at C:\re\jdk7u80\2329\hotspot\src\share\vm\prims\jvm.cpp:1319
Event: 11.018 Thread 0x0000000010697000 Threw 0x00000007cb8fbf60 at C:\re\jdk7u80\2329\hotspot\src\share\vm\prims\jvm.cpp:1319
Event: 11.018 Thread 0x0000000010697000 Threw 0x00000007cb9021e0 at C:\re\jdk7u80\2329\hotspot\src\share\vm\prims\jvm.cpp:1319
Event: 11.018 Thread 0x0000000010697000 Threw 0x00000007cb9029f0 at C:\re\jdk7u80\2329\hotspot\src\share\vm\prims\jvm.cpp:1319
Event: 11.020 Thread 0x0000000010697000 Threw 0x00000007cb9138f0 at C:\re\jdk7u80\2329\hotspot\src\share\vm\prims\jvm.cpp:1319
Event: 11.020 Thread 0x0000000010697000 Threw 0x00000007cb914108 at C:\re\jdk7u80\2329\hotspot\src\share\vm\prims\jvm.cpp:1319
Event: 11.020 Thread 0x0000000010697000 Threw 0x00000007cb919020 at C:\re\jdk7u80\2329\hotspot\src\share\vm\prims\jvm.cpp:1319
Event: 11.020 Thread 0x0000000010697000 Threw 0x00000007cb9198e0 at C:\re\jdk7u80\2329\hotspot\src\share\vm\prims\jvm.cpp:1319

Events (10 events):
Event: 11.018 loading class 0x0000000016e73020
Event: 11.018 loading class 0x0000000016e73020 done
Event: 11.018 loading class 0x000000000f2b0850
Event: 11.018 loading class 0x000000000f2b0850 done
Event: 11.020 loading class 0x000000000f2b0910
Event: 11.020 loading class 0x000000000f2b0910 done
Event: 11.020 loading class 0x000000000f327ec0
Event: 11.020 loading class 0x000000000f327ec0 done
Event: 11.021 loading class 0x000000000f2b0670
Event: 11.021 loading class 0x000000000f2b0670 done


Dynamic libraries:
0x00007ff65ad60000 - 0x00007ff65ad93000 	F:\jdk\jdk7\bin\javaw.exe
0x00007ffbc5380000 - 0x00007ffbc5570000 	C:\WINDOWS\SYSTEM32\ntdll.dll
0x00007ffbc3670000 - 0x00007ffbc3722000 	C:\WINDOWS\System32\KERNEL32.DLL
0x00007ffbc2a90000 - 0x00007ffbc2d33000 	C:\WINDOWS\System32\KERNELBASE.dll
0x00007ffbc3d60000 - 0x00007ffbc3e03000 	C:\WINDOWS\System32\ADVAPI32.dll
0x00007ffbc49b0000 - 0x00007ffbc4a4e000 	C:\WINDOWS\System32\msvcrt.dll
0x00007ffbc35d0000 - 0x00007ffbc3667000 	C:\WINDOWS\System32\sechost.dll
0x00007ffbc4890000 - 0x00007ffbc49b0000 	C:\WINDOWS\System32\RPCRT4.dll
0x00007ffbc3430000 - 0x00007ffbc35c3000 	C:\WINDOWS\System32\USER32.dll
0x00007ffbc2e40000 - 0x00007ffbc2e61000 	C:\WINDOWS\System32\win32u.dll
0x00007ffbc3810000 - 0x00007ffbc3836000 	C:\WINDOWS\System32\GDI32.dll
0x00007ffbc2ec0000 - 0x00007ffbc3054000 	C:\WINDOWS\System32\gdi32full.dll
0x00007ffbc3090000 - 0x00007ffbc312e000 	C:\WINDOWS\System32\msvcp_win.dll
0x00007ffbc2d40000 - 0x00007ffbc2e3a000 	C:\WINDOWS\System32\ucrtbase.dll
0x00007ffba9d60000 - 0x00007ffba9fe5000 	C:\WINDOWS\WinSxS\amd64_microsoft.windows.common-controls_6595b64144ccf1df_6.0.18362.295_none_e6c3acbd13101292\COMCTL32.dll
0x00007ffbc5000000 - 0x00007ffbc5336000 	C:\WINDOWS\System32\combase.dll
0x00007ffbc3130000 - 0x00007ffbc31b0000 	C:\WINDOWS\System32\bcryptPrimitives.dll
0x00007ffbc3c80000 - 0x00007ffbc3cae000 	C:\WINDOWS\System32\IMM32.DLL
0x00000000713f0000 - 0x00000000714c2000 	F:\jdk\jdk7\jre\bin\msvcr100.dll
0x000000006fbc0000 - 0x0000000070399000 	F:\jdk\jdk7\jre\bin\server\jvm.dll
0x00007ffbc3840000 - 0x00007ffbc3848000 	C:\WINDOWS\System32\PSAPI.DLL
0x00007ffbb17c0000 - 0x00007ffbb17c9000 	C:\WINDOWS\SYSTEM32\WSOCK32.dll
0x00007ffbc0070000 - 0x00007ffbc0094000 	C:\WINDOWS\SYSTEM32\WINMM.dll
0x00007ffbc45a0000 - 0x00007ffbc460f000 	C:\WINDOWS\System32\WS2_32.dll
0x00007ffbc0040000 - 0x00007ffbc006d000 	C:\WINDOWS\SYSTEM32\WINMMBASE.dll
0x00007ffbc2e70000 - 0x00007ffbc2eba000 	C:\WINDOWS\System32\cfgmgr32.dll
0x00000000713e0000 - 0x00000000713ef000 	F:\jdk\jdk7\jre\bin\verify.dll
0x00000000713b0000 - 0x00000000713d8000 	F:\jdk\jdk7\jre\bin\java.dll
0x0000000071390000 - 0x00000000713a6000 	F:\jdk\jdk7\jre\bin\zip.dll
0x0000000071370000 - 0x000000007138a000 	F:\jdk\jdk7\jre\bin\net.dll
0x00007ffbc1ac0000 - 0x00007ffbc1b27000 	C:\WINDOWS\system32\mswsock.dll
0x0000000071350000 - 0x0000000071361000 	F:\jdk\jdk7\jre\bin\nio.dll
0x00007ffbc3260000 - 0x00007ffbc3277000 	C:\WINDOWS\System32\CRYPTSP.dll
0x00007ffbc1630000 - 0x00007ffbc1663000 	C:\WINDOWS\system32\rsaenh.dll
0x00007ffbc3060000 - 0x00007ffbc3086000 	C:\WINDOWS\System32\bcrypt.dll
0x00007ffbc2140000 - 0x00007ffbc2165000 	C:\WINDOWS\SYSTEM32\USERENV.dll
0x00007ffbc22f0000 - 0x00007ffbc230f000 	C:\WINDOWS\System32\profapi.dll
0x00007ffbc1c90000 - 0x00007ffbc1c9c000 	C:\WINDOWS\SYSTEM32\CRYPTBASE.dll
0x00007ffbc17d0000 - 0x00007ffbc180a000 	C:\WINDOWS\SYSTEM32\IPHLPAPI.DLL
0x00007ffbc3e10000 - 0x00007ffbc3e18000 	C:\WINDOWS\System32\NSI.dll
0x00007ffbbc1f0000 - 0x00007ffbbc206000 	C:\WINDOWS\SYSTEM32\dhcpcsvc6.DLL
0x00007ffbbc1c0000 - 0x00007ffbbc1dc000 	C:\WINDOWS\SYSTEM32\dhcpcsvc.DLL
0x00007ffbc1810000 - 0x00007ffbc18da000 	C:\WINDOWS\SYSTEM32\DNSAPI.dll
0x0000000071340000 - 0x000000007134b000 	F:\jdk\jdk7\jre\bin\management.dll
0x00007ffbbe180000 - 0x00007ffbbe196000 	C:\WINDOWS\system32\napinsp.dll
0x00007ffbbe0d0000 - 0x00007ffbbe0ea000 	C:\WINDOWS\system32\pnrpnsp.dll
0x00007ffbbe170000 - 0x00007ffbbe17e000 	C:\WINDOWS\System32\winrnr.dll
0x00007ffbbe070000 - 0x00007ffbbe08c000 	C:\WINDOWS\system32\NLAapi.dll
0x00007ffbbe0b0000 - 0x00007ffbbe0c5000 	C:\WINDOWS\system32\wshbth.dll
0x00007ffbb9bf0000 - 0x00007ffbb9bfa000 	C:\Windows\System32\rasadhlp.dll
0x00007ffbbbe70000 - 0x00007ffbbbee7000 	C:\WINDOWS\System32\fwpuclnt.dll

VM Arguments:
jvm_args: -Dmaven.home=F:\maven\apache-maven-3.3.9-jdk1.7 -Dclassworlds.conf=F:\EclipseWorkspace\.metadata\.plugins\org.eclipse.m2e.launching\launches\m2conf8521312605649259122.tmp -Dmaven.multiModuleProjectDirectory=F:\EclipseWorkspace\pekka-sso-web -Dfile.encoding=UTF-8 
java_command: org.codehaus.plexus.classworlds.launcher.Launcher -B -Dmaven.test.skip=true -DskipTests -s F:\maven\apache-maven-3.3.9-jdk1.7\conf\settings.xml clean tomcat7:run
Launcher Type: SUN_STANDARD

Environment Variables:
JAVA_HOME=F:\jdk\jdk8
PATH=F:/jdk/jdk8/bin/../jre/bin/server;F:/jdk/jdk8/bin/../jre/bin;F:/jdk/jdk8/bin/../jre/lib/amd64;F:\SDK\SDK\android-sdk-windows\platform-tools;F:\SDK\SDK\android-sdk-windows\tools;C:\ProgramData\Oracle\Java\javapath;C:\Program Files (x86)\Intel\iCLS Client\;C:\Program Files\Intel\iCLS Client\;C:\Windows\system32;C:\Windows;C:\Windows\System32\Wbem;C:\Windows\System32\WindowsPowerShell\v1.0\;C:\windows\system32;C:\Program Files\Microsoft SQL Server\130\Tools\Binn\;C:\Program Files\dotnet\;C:\WINDOWS\system32;C:\WINDOWS;C:\WINDOWS\System32\Wbem;C:\WINDOWS\System32\WindowsPowerShell\v1.0\;C:\WINDOWS\System32\OpenSSH\;C:\Program Files\MySQL\MySQL Server 5.5\bin;F:\maven\apache-maven-3.3.9-jdk1.8\bin;F:\mysql-5.7.19-winx64\bin;F:\jdk\jdk8\bin\;F:\node.js\;F:\Git\install\Git\bin;C:\Users\Lenovo\AppData\Local\Microsoft\WindowsApps;;F:\vscode\Microsoft VS Code\bin;C:\Users\Lenovo\AppData\Roaming\npm;F:\eclipse\eclipseSVN;
USERNAME=Lenovo-Í≈ ˜¡Ÿ∑Á
OS=Windows_NT
PROCESSOR_IDENTIFIER=Intel64 Family 6 Model 94 Stepping 3, GenuineIntel



---------------  S Y S T E M  ---------------

OS: Windows 8.1 , 64 bit Build 9600 

CPU:total 4 (4 cores per cpu, 1 threads per core) family 6 model 94 stepping 3, cmov, cx8, fxsr, mmx, sse, sse2, sse3, ssse3, sse4.1, sse4.2, popcnt, avx, avx2, aes, erms, tsc, tscinvbit

Memory: 4k page, physical 12372972k(1283612k free), swap 25480168k(6428k free)

vm_info: Java HotSpot(TM) 64-Bit Server VM (24.80-b11) for windows-amd64 JRE (1.7.0_80-b15), built on Apr 10 2015 11:26:34 by "java_re" with unknown MS VC++:1600

time: Tue Nov 26 20:57:15 2019
elapsed time: 11 seconds

