#
# There is insufficient memory for the Java Runtime Environment to continue.
# Native memory allocation (malloc) failed to allocate 1333776 bytes for Chunk::new
# Possible reasons:
#   The system is out of physical RAM or swap space
#   In 32 bit mode, the process size limit was hit
# Possible solutions:
#   Reduce memory load on the system
#   Increase physical memory or swap space
#   Check if swap backing store is full
#   Use 64 bit Java on a 64 bit OS
#   Decrease Java heap size (-Xmx/-Xms)
#   Decrease number of Java threads
#   Decrease Java thread stack sizes (-Xss)
#   Set larger code cache with -XX:ReservedCodeCacheSize=
# This output file may be truncated or incomplete.
#
#  Out of Memory Error (allocation.cpp:323), pid=73948, tid=72976
#
# JRE version: Java(TM) SE Runtime Environment (7.0_80-b15) (build 1.7.0_80-b15)
# Java VM: Java HotSpot(TM) 64-Bit Server VM (24.80-b11 mixed mode windows-amd64 compressed oops)
# Failed to write core dump. Minidumps are not enabled by default on client versions of Windows
#

---------------  T H R E A D  ---------------

Current thread (0x000000000d4bf800):  JavaThread "C2 CompilerThread0" daemon [_thread_in_native, id=72976, stack(0x000000000ea20000,0x000000000eb20000)]

Stack: [0x000000000ea20000,0x000000000eb20000]

Current CompileTask:
C2:  31200 1159   !         java.net.URLClassLoader$1::run (73 bytes)


---------------  P R O C E S S  ---------------

Java Threads: ( => current thread )
  0x0000000017424000 JavaThread "DubboResponseTimeoutScanTimer" daemon [_thread_blocked, id=78168, stack(0x0000000011a70000,0x0000000011b70000)]
  0x0000000017426800 JavaThread "http-bio-8088-exec-1" daemon [_thread_in_vm, id=76448, stack(0x0000000000d70000,0x0000000000e70000)]
  0x0000000017427000 JavaThread "DubboClientReconnectTimer-thread-2" daemon [_thread_blocked, id=74872, stack(0x000000001a190000,0x000000001a290000)]
  0x000000001742a000 JavaThread "http-bio-8088-AsyncTimeout" daemon [_thread_blocked, id=78392, stack(0x000000001a090000,0x000000001a190000)]
  0x0000000017428000 JavaThread "http-bio-8088-Acceptor-0" daemon [_thread_in_native, id=58596, stack(0x0000000019f90000,0x000000001a090000)]
  0x000000001741f000 JavaThread "ContainerBackgroundProcessor[StandardEngine[Tomcat]]" daemon [_thread_blocked, id=78452, stack(0x0000000019e90000,0x0000000019f90000)]
  0x0000000017421000 JavaThread "dubbo-remoting-client-heartbeat-thread-1" daemon [_thread_blocked, id=67652, stack(0x0000000019d90000,0x0000000019e90000)]
  0x0000000017425800 JavaThread "DubboClientHandler-192.168.25.1:20883-thread-1" daemon [_thread_blocked, id=73736, stack(0x0000000019c90000,0x0000000019d90000)]
  0x0000000017420800 JavaThread "Hashed wheel timer #1" [_thread_blocked, id=58660, stack(0x0000000019670000,0x0000000019770000)]
  0x0000000017422800 JavaThread "DubboClientReconnectTimer-thread-1" daemon [_thread_blocked, id=75544, stack(0x00000000192a0000,0x00000000193a0000)]
  0x0000000017422000 JavaThread "New I/O boss #6" daemon [_thread_in_native, id=73368, stack(0x00000000191a0000,0x00000000192a0000)]
  0x000000001741f800 JavaThread "New I/O worker #5" daemon [_thread_in_native, id=74428, stack(0x0000000019a90000,0x0000000019b90000)]
  0x000000001741d800 JavaThread "New I/O worker #4" daemon [_thread_in_native, id=77432, stack(0x0000000019990000,0x0000000019a90000)]
  0x000000001741e000 JavaThread "New I/O worker #3" daemon [_thread_in_native, id=78248, stack(0x0000000019890000,0x0000000019990000)]
  0x0000000010fca000 JavaThread "New I/O worker #2" daemon [_thread_in_native, id=70624, stack(0x0000000019790000,0x0000000019890000)]
  0x0000000010fcc800 JavaThread "New I/O worker #1" daemon [_thread_in_native, id=72512, stack(0x0000000019460000,0x0000000019560000)]
  0x0000000010fcb800 JavaThread "DubboSaveRegistryCache-thread-1" daemon [_thread_blocked, id=70328, stack(0x0000000019570000,0x0000000019670000)]
  0x0000000010fcb000 JavaThread "localhost-startStop-1-EventThread" daemon [_thread_blocked, id=73876, stack(0x0000000017f50000,0x0000000018050000)]
  0x0000000010fcd000 JavaThread "localhost-startStop-1-SendThread(192.168.25.128:2181)" daemon [_thread_in_native, id=64752, stack(0x0000000017e50000,0x0000000017f50000)]
  0x000000000fe79800 JavaThread "ZkClient-EventThread-16-192.168.25.128:2181" daemon [_thread_blocked, id=65352, stack(0x0000000017d50000,0x0000000017e50000)]
  0x0000000017798800 JavaThread "DubboRegistryFailedRetryTimer-thread-1" daemon [_thread_blocked, id=67468, stack(0x0000000017c50000,0x0000000017d50000)]
  0x0000000010b0c800 JavaThread "Thread-2" daemon [_thread_in_native, id=76648, stack(0x0000000017b50000,0x0000000017c50000)]
  0x000000000d4d9800 JavaThread "Service Thread" daemon [_thread_blocked, id=77696, stack(0x000000000ec20000,0x000000000ed20000)]
  0x000000000d4c2000 JavaThread "C2 CompilerThread1" daemon [_thread_in_native, id=62424, stack(0x000000000eb20000,0x000000000ec20000)]
=>0x000000000d4bf800 JavaThread "C2 CompilerThread0" daemon [_thread_in_native, id=72976, stack(0x000000000ea20000,0x000000000eb20000)]
  0x000000000d4be800 JavaThread "Attach Listener" daemon [_thread_blocked, id=63588, stack(0x000000000e920000,0x000000000ea20000)]
  0x000000000d4bb800 JavaThread "Signal Dispatcher" daemon [_thread_blocked, id=64520, stack(0x000000000e820000,0x000000000e920000)]
  0x000000000d470000 JavaThread "Finalizer" daemon [_thread_blocked, id=67780, stack(0x000000000e720000,0x000000000e820000)]
  0x000000000d466000 JavaThread "Reference Handler" daemon [_thread_blocked, id=73780, stack(0x000000000e620000,0x000000000e720000)]
  0x0000000002d00800 JavaThread "main" [_thread_blocked, id=73128, stack(0x0000000002c00000,0x0000000002d00000)]

Other Threads:
  0x000000000d461000 VMThread [stack: 0x000000000e520000,0x000000000e620000] [id=77424]
  0x000000000d4e2800 WatcherThread [stack: 0x000000000ed20000,0x000000000ee20000] [id=75696]

VM state:not at safepoint (normal execution)

VM Mutex/Monitor currently owned by a thread: None

Heap
 PSYoungGen      total 218624K, used 147131K [0x00000007c1080000, 0x00000007d0780000, 0x0000000800000000)
  eden space 190464K, 64% used [0x00000007c1080000,0x00000007c889cee8,0x00000007cca80000)
  from space 28160K, 85% used [0x00000007cca80000,0x00000007ce211ea0,0x00000007ce600000)
  to   space 22016K, 0% used [0x00000007ce600000,0x00000007ce600000,0x00000007cfb80000)
 ParOldGen       total 174080K, used 61906K [0x0000000743200000, 0x000000074dc00000, 0x00000007c1080000)
  object space 174080K, 35% used [0x0000000743200000,0x0000000746e748f8,0x000000074dc00000)
 PSPermGen       total 53248K, used 45392K [0x000000073e000000, 0x0000000741400000, 0x0000000743200000)
  object space 53248K, 85% used [0x000000073e000000,0x0000000740c54330,0x0000000741400000)

Card table byte_map: [0x0000000005e00000,0x0000000006420000] byte_map_base: 0x0000000002410000

Polling page: 0x00000000007f0000

Code Cache  [0x0000000002e00000, 0x0000000003230000, 0x0000000005e00000)
 total_blobs=1423 nmethods=1006 adapters=369 free_code_cache=44963Kb largest_free_block=45972352

Compilation events (10 events):
Event: 20.945 Thread 0x000000000d4bf800 nmethod 1154 0x000000000320b390 code [0x000000000320b4e0, 0x000000000320b628]
Event: 20.945 Thread 0x000000000d4bf800 1155             java.util.Arrays::fill (21 bytes)
Event: 20.946 Thread 0x000000000d4c2000 nmethod 1153 0x0000000003213390 code [0x00000000032134e0, 0x0000000003213738]
Event: 20.949 Thread 0x000000000d4bf800 nmethod 1155 0x0000000003200c90 code [0x0000000003200dc0, 0x00000000032011b8]
Event: 31.008 Thread 0x000000000d4c2000 1156             sun.misc.URLClassPath::getResource (74 bytes)
Event: 31.045 Thread 0x000000000d4bf800 1157 %           java.util.Properties$LineReader::readLine @ 21 (452 bytes)
Event: 31.049 Thread 0x000000000d4c2000 nmethod 1156 0x0000000003223e10 code [0x00000000032240e0, 0x0000000003225c38]
Event: 31.055 Thread 0x000000000d4bf800 nmethod 1157% 0x0000000003211110 code [0x00000000032112a0, 0x0000000003211c78]
Event: 31.093 Thread 0x000000000d4c2000 1158             java.net.URLClassLoader$1::run (5 bytes)
Event: 31.111 Thread 0x000000000d4bf800 1159   !         java.net.URLClassLoader$1::run (73 bytes)

GC Heap History (10 events):
Event: 5.173 GC heap before
{Heap before GC invocations=6 (full 0):
 PSYoungGen      total 105984K, used 105976K [0x00000007c1080000, 0x00000007cfb80000, 0x0000000800000000)
  eden space 98304K, 100% used [0x00000007c1080000,0x00000007c7080000,0x00000007c7080000)
  from space 7680K, 99% used [0x00000007c7080000,0x00000007c77fe060,0x00000007c7800000)
  to   space 22016K, 0% used [0x00000007ce600000,0x00000007ce600000,0x00000007cfb80000)
 ParOldGen       total 128512K, used 25532K [0x0000000743200000, 0x000000074af80000, 0x00000007c1080000)
  object space 128512K, 19% used [0x0000000743200000,0x0000000744aef0c8,0x000000074af80000)
 PSPermGen       total 26624K, used 26530K [0x000000073e000000, 0x000000073fa00000, 0x0000000743200000)
  object space 26624K, 99% used [0x000000073e000000,0x000000073f9e88a0,0x000000073fa00000)
Event: 5.196 GC heap after
Heap after GC invocations=6 (full 0):
 PSYoungGen      total 212480K, used 22005K [0x00000007c1080000, 0x00000007d0780000, 0x0000000800000000)
  eden space 190464K, 0% used [0x00000007c1080000,0x00000007c1080000,0x00000007cca80000)
  from space 22016K, 99% used [0x00000007ce600000,0x00000007cfb7d580,0x00000007cfb80000)
  to   space 28160K, 0% used [0x00000007cca80000,0x00000007cca80000,0x00000007ce600000)
 ParOldGen       total 128512K, used 30226K [0x0000000743200000, 0x000000074af80000, 0x00000007c1080000)
  object space 128512K, 23% used [0x0000000743200000,0x0000000744f849b0,0x000000074af80000)
 PSPermGen       total 26624K, used 26530K [0x000000073e000000, 0x000000073fa00000, 0x0000000743200000)
  object space 26624K, 99% used [0x000000073e000000,0x000000073f9e88a0,0x000000073fa00000)
}
Event: 6.297 GC heap before
{Heap before GC invocations=7 (full 0):
 PSYoungGen      total 212480K, used 212469K [0x00000007c1080000, 0x00000007d0780000, 0x0000000800000000)
  eden space 190464K, 100% used [0x00000007c1080000,0x00000007cca80000,0x00000007cca80000)
  from space 22016K, 99% used [0x00000007ce600000,0x00000007cfb7d580,0x00000007cfb80000)
  to   space 28160K, 0% used [0x00000007cca80000,0x00000007cca80000,0x00000007ce600000)
 ParOldGen       total 128512K, used 30226K [0x0000000743200000, 0x000000074af80000, 0x00000007c1080000)
  object space 128512K, 23% used [0x0000000743200000,0x0000000744f849b0,0x000000074af80000)
 PSPermGen       total 26624K, used 26550K [0x000000073e000000, 0x000000073fa00000, 0x0000000743200000)
  object space 26624K, 99% used [0x000000073e000000,0x000000073f9edad0,0x000000073fa00000)
Event: 6.374 GC heap after
Heap after GC invocations=7 (full 0):
 PSYoungGen      total 218624K, used 28145K [0x00000007c1080000, 0x00000007d0780000, 0x0000000800000000)
  eden space 190464K, 0% used [0x00000007c1080000,0x00000007c1080000,0x00000007cca80000)
  from space 28160K, 99% used [0x00000007cca80000,0x00000007ce5fc748,0x00000007ce600000)
  to   space 22016K, 0% used [0x00000007ce600000,0x00000007ce600000,0x00000007cfb80000)
 ParOldGen       total 128512K, used 57997K [0x0000000743200000, 0x000000074af80000, 0x00000007c1080000)
  object space 128512K, 45% used [0x0000000743200000,0x0000000746aa37d0,0x000000074af80000)
 PSPermGen       total 26624K, used 26550K [0x000000073e000000, 0x000000073fa00000, 0x0000000743200000)
  object space 26624K, 99% used [0x000000073e000000,0x000000073f9edad0,0x000000073fa00000)
}
Event: 7.654 GC heap before
{Heap before GC invocations=8 (full 0):
 PSYoungGen      total 218624K, used 218609K [0x00000007c1080000, 0x00000007d0780000, 0x0000000800000000)
  eden space 190464K, 100% used [0x00000007c1080000,0x00000007cca80000,0x00000007cca80000)
  from space 28160K, 99% used [0x00000007cca80000,0x00000007ce5fc748,0x00000007ce600000)
  to   space 22016K, 0% used [0x00000007ce600000,0x00000007ce600000,0x00000007cfb80000)
 ParOldGen       total 128512K, used 57997K [0x0000000743200000, 0x000000074af80000, 0x00000007c1080000)
  object space 128512K, 45% used [0x0000000743200000,0x0000000746aa37d0,0x000000074af80000)
 PSPermGen       total 26624K, used 26564K [0x000000073e000000, 0x000000073fa00000, 0x0000000743200000)
  object space 26624K, 99% used [0x000000073e000000,0x000000073f9f1248,0x000000073fa00000)
Event: 7.740 GC heap after
Heap after GC invocations=8 (full 0):
 PSYoungGen      total 212480K, used 21984K [0x00000007c1080000, 0x00000007d0780000, 0x0000000800000000)
  eden space 190464K, 0% used [0x00000007c1080000,0x00000007c1080000,0x00000007cca80000)
  from space 22016K, 99% used [0x00000007ce600000,0x00000007cfb78010,0x00000007cfb80000)
  to   space 28160K, 0% used [0x00000007cca80000,0x00000007cca80000,0x00000007ce600000)
 ParOldGen       total 128512K, used 104381K [0x0000000743200000, 0x000000074af80000, 0x00000007c1080000)
  object space 128512K, 81% used [0x0000000743200000,0x00000007497ef598,0x000000074af80000)
 PSPermGen       total 26624K, used 26564K [0x000000073e000000, 0x000000073fa00000, 0x0000000743200000)
  object space 26624K, 99% used [0x000000073e000000,0x000000073f9f1248,0x000000073fa00000)
}
Event: 7.740 GC heap before
{Heap before GC invocations=9 (full 1):
 PSYoungGen      total 212480K, used 21984K [0x00000007c1080000, 0x00000007d0780000, 0x0000000800000000)
  eden space 190464K, 0% used [0x00000007c1080000,0x00000007c1080000,0x00000007cca80000)
  from space 22016K, 99% used [0x00000007ce600000,0x00000007cfb78010,0x00000007cfb80000)
  to   space 28160K, 0% used [0x00000007cca80000,0x00000007cca80000,0x00000007ce600000)
 ParOldGen       total 128512K, used 104381K [0x0000000743200000, 0x000000074af80000, 0x00000007c1080000)
  object space 128512K, 81% used [0x0000000743200000,0x00000007497ef598,0x000000074af80000)
 PSPermGen       total 26624K, used 26564K [0x000000073e000000, 0x000000073fa00000, 0x0000000743200000)
  object space 26624K, 99% used [0x000000073e000000,0x000000073f9f1248,0x000000073fa00000)
Event: 8.077 GC heap after
Heap after GC invocations=9 (full 1):
 PSYoungGen      total 212480K, used 0K [0x00000007c1080000, 0x00000007d0780000, 0x0000000800000000)
  eden space 190464K, 0% used [0x00000007c1080000,0x00000007c1080000,0x00000007cca80000)
  from space 22016K, 0% used [0x00000007ce600000,0x00000007ce600000,0x00000007cfb80000)
  to   space 28160K, 0% used [0x00000007cca80000,0x00000007cca80000,0x00000007ce600000)
 ParOldGen       total 174080K, used 61906K [0x0000000743200000, 0x000000074dc00000, 0x00000007c1080000)
  object space 174080K, 35% used [0x0000000743200000,0x0000000746e748f8,0x000000074dc00000)
 PSPermGen       total 53248K, used 26552K [0x000000073e000000, 0x0000000741400000, 0x0000000743200000)
  object space 53248K, 49% used [0x000000073e000000,0x000000073f9ee188,0x0000000741400000)
}
Event: 10.996 GC heap before
{Heap before GC invocations=10 (full 1):
 PSYoungGen      total 212480K, used 190464K [0x00000007c1080000, 0x00000007d0780000, 0x0000000800000000)
  eden space 190464K, 100% used [0x00000007c1080000,0x00000007cca80000,0x00000007cca80000)
  from space 22016K, 0% used [0x00000007ce600000,0x00000007ce600000,0x00000007cfb80000)
  to   space 28160K, 0% used [0x00000007cca80000,0x00000007cca80000,0x00000007ce600000)
 ParOldGen       total 174080K, used 61906K [0x0000000743200000, 0x000000074dc00000, 0x00000007c1080000)
  object space 174080K, 35% used [0x0000000743200000,0x0000000746e748f8,0x000000074dc00000)
 PSPermGen       total 53248K, used 37425K [0x000000073e000000, 0x0000000741400000, 0x0000000743200000)
  object space 53248K, 70% used [0x000000073e000000,0x000000074048c788,0x0000000741400000)
Event: 11.019 GC heap after
Heap after GC invocations=10 (full 1):
 PSYoungGen      total 218624K, used 24135K [0x00000007c1080000, 0x00000007d0780000, 0x0000000800000000)
  eden space 190464K, 0% used [0x00000007c1080000,0x00000007c1080000,0x00000007cca80000)
  from space 28160K, 85% used [0x00000007cca80000,0x00000007ce211ea0,0x00000007ce600000)
  to   space 22016K, 0% used [0x00000007ce600000,0x00000007ce600000,0x00000007cfb80000)
 ParOldGen       total 174080K, used 61906K [0x0000000743200000, 0x000000074dc00000, 0x00000007c1080000)
  object space 174080K, 35% used [0x0000000743200000,0x0000000746e748f8,0x000000074dc00000)
 PSPermGen       total 53248K, used 37425K [0x000000073e000000, 0x0000000741400000, 0x0000000743200000)
  object space 53248K, 70% used [0x000000073e000000,0x000000074048c788,0x0000000741400000)
}

Deoptimization events (10 events):
Event: 20.942 Thread 0x0000000010fcd000 Uncommon trap: reason=array_check action=maybe_recompile pc=0x00000000031c7f64 method=java.util.Arrays.fill([Ljava/lang/Object;Ljava/lang/Object;)V @ 13
Event: 20.942 Thread 0x0000000010fcd000 Uncommon trap: reason=array_check action=maybe_recompile pc=0x00000000031c7f64 method=java.util.Arrays.fill([Ljava/lang/Object;Ljava/lang/Object;)V @ 13
Event: 20.943 Thread 0x0000000010fcd000 Uncommon trap: reason=array_check action=maybe_recompile pc=0x00000000031c7f64 method=java.util.Arrays.fill([Ljava/lang/Object;Ljava/lang/Object;)V @ 13
Event: 20.943 Thread 0x0000000010fcd000 Uncommon trap: reason=array_check action=maybe_recompile pc=0x00000000031c7f64 method=java.util.Arrays.fill([Ljava/lang/Object;Ljava/lang/Object;)V @ 13
Event: 22.317 Thread 0x000000001741f000 Uncommon trap: reason=predicate action=maybe_recompile pc=0x0000000003169404 method=java.util.AbstractCollection.toArray([Ljava/lang/Object;)[Ljava/lang/Object; @ 49
Event: 31.015 Thread 0x0000000017426800 Uncommon trap: reason=null_check action=make_not_entrant pc=0x000000000317c330 method=java.lang.Package.getSystemPackage(Ljava/lang/String;)Ljava/lang/Package; @ 15
Event: 31.073 Thread 0x0000000017426800 Uncommon trap: reason=class_check action=maybe_recompile pc=0x0000000002f43b48 method=java.util.regex.Pattern$7.isSatisfiedBy(I)Z @ 16
Event: 31.073 Thread 0x0000000017426800 Uncommon trap: reason=class_check action=maybe_recompile pc=0x0000000002f43b48 method=java.util.regex.Pattern$7.isSatisfiedBy(I)Z @ 16
Event: 31.073 Thread 0x0000000017426800 Uncommon trap: reason=class_check action=maybe_recompile pc=0x0000000002f43b48 method=java.util.regex.Pattern$7.isSatisfiedBy(I)Z @ 16
Event: 31.073 Thread 0x0000000017426800 Uncommon trap: reason=class_check action=maybe_recompile pc=0x0000000002f43b48 method=java.util.regex.Pattern$7.isSatisfiedBy(I)Z @ 16

Internal exceptions (10 events):
Event: 31.197 Thread 0x0000000017426800 Threw 0x00000007c8805d98 at C:\re\jdk7u80\2329\hotspot\src\share\vm\prims\jvm.cpp:1319
Event: 31.197 Thread 0x0000000017426800 Threw 0x00000007c8806658 at C:\re\jdk7u80\2329\hotspot\src\share\vm\prims\jvm.cpp:1319
Event: 31.197 Thread 0x0000000017426800 Threw 0x00000007c880a780 at C:\re\jdk7u80\2329\hotspot\src\share\vm\prims\jvm.cpp:1319
Event: 31.197 Thread 0x0000000017426800 Threw 0x00000007c880b090 at C:\re\jdk7u80\2329\hotspot\src\share\vm\prims\jvm.cpp:1319
Event: 31.198 Thread 0x0000000017426800 Threw 0x00000007c880fe20 at C:\re\jdk7u80\2329\hotspot\src\share\vm\prims\jvm.cpp:1319
Event: 31.198 Thread 0x0000000017426800 Threw 0x00000007c8810700 at C:\re\jdk7u80\2329\hotspot\src\share\vm\prims\jvm.cpp:1319
Event: 31.198 Thread 0x0000000017426800 Threw 0x00000007c8814af0 at C:\re\jdk7u80\2329\hotspot\src\share\vm\prims\jvm.cpp:1319
Event: 31.198 Thread 0x0000000017426800 Threw 0x00000007c8815480 at C:\re\jdk7u80\2329\hotspot\src\share\vm\prims\jvm.cpp:1319
Event: 31.199 Thread 0x0000000017426800 Threw 0x00000007c882d860 at C:\re\jdk7u80\2329\hotspot\src\share\vm\prims\jvm.cpp:1319
Event: 31.199 Thread 0x0000000017426800 Threw 0x00000007c882e258 at C:\re\jdk7u80\2329\hotspot\src\share\vm\prims\jvm.cpp:1319

Events (10 events):
Event: 31.197 loading class 0x0000000011943450
Event: 31.197 loading class 0x0000000011943450 done
Event: 31.197 loading class 0x000000001166ae10
Event: 31.197 loading class 0x000000001166ae10 done
Event: 31.198 loading class 0x000000001736b9a0
Event: 31.198 loading class 0x000000001736b9a0 done
Event: 31.198 loading class 0x000000001167e5a0
Event: 31.198 loading class 0x000000001167e5a0 done
Event: 31.199 loading class 0x000000001793a030
Event: 31.199 loading class 0x000000001793a030 done


Dynamic libraries:
0x00007ff65ad60000 - 0x00007ff65ad93000 	F:\jdk\jdk7\bin\javaw.exe
0x00007ffbc5380000 - 0x00007ffbc5570000 	C:\WINDOWS\SYSTEM32\ntdll.dll
0x00007ffbc3670000 - 0x00007ffbc3722000 	C:\WINDOWS\System32\KERNEL32.DLL
0x00007ffbc2a90000 - 0x00007ffbc2d33000 	C:\WINDOWS\System32\KERNELBASE.dll
0x00007ffbc3d60000 - 0x00007ffbc3e03000 	C:\WINDOWS\System32\ADVAPI32.dll
0x00007ffbc49b0000 - 0x00007ffbc4a4e000 	C:\WINDOWS\System32\msvcrt.dll
0x00007ffbc35d0000 - 0x00007ffbc3667000 	C:\WINDOWS\System32\sechost.dll
0x00007ffbc4890000 - 0x00007ffbc49b0000 	C:\WINDOWS\System32\RPCRT4.dll
0x00007ffbc3430000 - 0x00007ffbc35c3000 	C:\WINDOWS\System32\USER32.dll
0x00007ffbc2e40000 - 0x00007ffbc2e61000 	C:\WINDOWS\System32\win32u.dll
0x00007ffbc3810000 - 0x00007ffbc3836000 	C:\WINDOWS\System32\GDI32.dll
0x00007ffbc2ec0000 - 0x00007ffbc3054000 	C:\WINDOWS\System32\gdi32full.dll
0x00007ffbc3090000 - 0x00007ffbc312e000 	C:\WINDOWS\System32\msvcp_win.dll
0x00007ffbc2d40000 - 0x00007ffbc2e3a000 	C:\WINDOWS\System32\ucrtbase.dll
0x00007ffba9d60000 - 0x00007ffba9fe5000 	C:\WINDOWS\WinSxS\amd64_microsoft.windows.common-controls_6595b64144ccf1df_6.0.18362.295_none_e6c3acbd13101292\COMCTL32.dll
0x00007ffbc5000000 - 0x00007ffbc5336000 	C:\WINDOWS\System32\combase.dll
0x00007ffbc3130000 - 0x00007ffbc31b0000 	C:\WINDOWS\System32\bcryptPrimitives.dll
0x00007ffbc3c80000 - 0x00007ffbc3cae000 	C:\WINDOWS\System32\IMM32.DLL
0x00000000713f0000 - 0x00000000714c2000 	F:\jdk\jdk7\jre\bin\msvcr100.dll
0x000000006fbc0000 - 0x0000000070399000 	F:\jdk\jdk7\jre\bin\server\jvm.dll
0x00007ffbc3840000 - 0x00007ffbc3848000 	C:\WINDOWS\System32\PSAPI.DLL
0x00007ffbb17c0000 - 0x00007ffbb17c9000 	C:\WINDOWS\SYSTEM32\WSOCK32.dll
0x00007ffbc0070000 - 0x00007ffbc0094000 	C:\WINDOWS\SYSTEM32\WINMM.dll
0x00007ffbc45a0000 - 0x00007ffbc460f000 	C:\WINDOWS\System32\WS2_32.dll
0x00007ffbc0040000 - 0x00007ffbc006d000 	C:\WINDOWS\SYSTEM32\WINMMBASE.dll
0x00007ffbc2e70000 - 0x00007ffbc2eba000 	C:\WINDOWS\System32\cfgmgr32.dll
0x00000000713e0000 - 0x00000000713ef000 	F:\jdk\jdk7\jre\bin\verify.dll
0x00000000713b0000 - 0x00000000713d8000 	F:\jdk\jdk7\jre\bin\java.dll
0x0000000071390000 - 0x00000000713a6000 	F:\jdk\jdk7\jre\bin\zip.dll
0x0000000071370000 - 0x000000007138a000 	F:\jdk\jdk7\jre\bin\net.dll
0x00007ffbc1ac0000 - 0x00007ffbc1b27000 	C:\WINDOWS\system32\mswsock.dll
0x0000000071350000 - 0x0000000071361000 	F:\jdk\jdk7\jre\bin\nio.dll
0x00007ffbc3260000 - 0x00007ffbc3277000 	C:\WINDOWS\System32\CRYPTSP.dll
0x00007ffbc1630000 - 0x00007ffbc1663000 	C:\WINDOWS\system32\rsaenh.dll
0x00007ffbc3060000 - 0x00007ffbc3086000 	C:\WINDOWS\System32\bcrypt.dll
0x00007ffbc2140000 - 0x00007ffbc2165000 	C:\WINDOWS\SYSTEM32\USERENV.dll
0x00007ffbc22f0000 - 0x00007ffbc230f000 	C:\WINDOWS\System32\profapi.dll
0x00007ffbc1c90000 - 0x00007ffbc1c9c000 	C:\WINDOWS\SYSTEM32\CRYPTBASE.dll
0x00007ffbc17d0000 - 0x00007ffbc180a000 	C:\WINDOWS\SYSTEM32\IPHLPAPI.DLL
0x00007ffbc3e10000 - 0x00007ffbc3e18000 	C:\WINDOWS\System32\NSI.dll
0x00007ffbbc1f0000 - 0x00007ffbbc206000 	C:\WINDOWS\SYSTEM32\dhcpcsvc6.DLL
0x00007ffbbc1c0000 - 0x00007ffbbc1dc000 	C:\WINDOWS\SYSTEM32\dhcpcsvc.DLL
0x00007ffbc1810000 - 0x00007ffbc18da000 	C:\WINDOWS\SYSTEM32\DNSAPI.dll
0x0000000071340000 - 0x000000007134b000 	F:\jdk\jdk7\jre\bin\management.dll
0x00007ffbbe180000 - 0x00007ffbbe196000 	C:\WINDOWS\system32\napinsp.dll
0x00007ffbbe0d0000 - 0x00007ffbbe0ea000 	C:\WINDOWS\system32\pnrpnsp.dll
0x00007ffbbe170000 - 0x00007ffbbe17e000 	C:\WINDOWS\System32\winrnr.dll
0x00007ffbbe070000 - 0x00007ffbbe08c000 	C:\WINDOWS\system32\NLAapi.dll
0x00007ffbbe0b0000 - 0x00007ffbbe0c5000 	C:\WINDOWS\system32\wshbth.dll
0x00007ffbb9bf0000 - 0x00007ffbb9bfa000 	C:\Windows\System32\rasadhlp.dll
0x00007ffbbbe70000 - 0x00007ffbbbee7000 	C:\WINDOWS\System32\fwpuclnt.dll

VM Arguments:
jvm_args: -Dmaven.home=F:\maven\apache-maven-3.3.9-jdk1.7 -Dclassworlds.conf=F:\EclipseWorkspace\.metadata\.plugins\org.eclipse.m2e.launching\launches\m2conf3214589489054751752.tmp -Dmaven.multiModuleProjectDirectory=F:\EclipseWorkspace\pekka-sso-web -Dfile.encoding=UTF-8 
java_command: org.codehaus.plexus.classworlds.launcher.Launcher -B -Dmaven.test.skip=true -DskipTests -s F:\maven\apache-maven-3.3.9-jdk1.7\conf\settings.xml clean tomcat7:run
Launcher Type: SUN_STANDARD

Environment Variables:
JAVA_HOME=F:\jdk\jdk8
PATH=F:/jdk/jdk8/bin/../jre/bin/server;F:/jdk/jdk8/bin/../jre/bin;F:/jdk/jdk8/bin/../jre/lib/amd64;F:\SDK\SDK\android-sdk-windows\platform-tools;F:\SDK\SDK\android-sdk-windows\tools;C:\ProgramData\Oracle\Java\javapath;C:\Program Files (x86)\Intel\iCLS Client\;C:\Program Files\Intel\iCLS Client\;C:\Windows\system32;C:\Windows;C:\Windows\System32\Wbem;C:\Windows\System32\WindowsPowerShell\v1.0\;C:\windows\system32;C:\Program Files\Microsoft SQL Server\130\Tools\Binn\;C:\Program Files\dotnet\;C:\WINDOWS\system32;C:\WINDOWS;C:\WINDOWS\System32\Wbem;C:\WINDOWS\System32\WindowsPowerShell\v1.0\;C:\WINDOWS\System32\OpenSSH\;C:\Program Files\MySQL\MySQL Server 5.5\bin;F:\maven\apache-maven-3.3.9-jdk1.8\bin;F:\mysql-5.7.19-winx64\bin;F:\jdk\jdk8\bin\;F:\node.js\;F:\Git\install\Git\bin;C:\Users\Lenovo\AppData\Local\Microsoft\WindowsApps;;F:\vscode\Microsoft VS Code\bin;C:\Users\Lenovo\AppData\Roaming\npm;F:\eclipse\eclipseSVN;
USERNAME=Lenovo-Í≈ ˜¡Ÿ∑Á
OS=Windows_NT
PROCESSOR_IDENTIFIER=Intel64 Family 6 Model 94 Stepping 3, GenuineIntel



---------------  S Y S T E M  ---------------

OS: Windows 8.1 , 64 bit Build 9600 

CPU:total 4 (4 cores per cpu, 1 threads per core) family 6 model 94 stepping 3, cmov, cx8, fxsr, mmx, sse, sse2, sse3, ssse3, sse4.1, sse4.2, popcnt, avx, avx2, aes, erms, tsc, tscinvbit

Memory: 4k page, physical 12372972k(1101872k free), swap 25480168k(5632k free)

vm_info: Java HotSpot(TM) 64-Bit Server VM (24.80-b11) for windows-amd64 JRE (1.7.0_80-b15), built on Apr 10 2015 11:26:34 by "java_re" with unknown MS VC++:1600

time: Tue Nov 26 20:58:04 2019
elapsed time: 31 seconds

